<?xml version="1.0" encoding="UTF-8"?>
<!-- Generated by org.testng.reporters.JUnitReportReporter -->
<testsuite skipped="0" hostname="User-Pc" name="testcases.TitleTest" tests="2" failures="0" timestamp="2019-09-01T21:47:48 BDT" time="27.430" errors="0">
  <testcase name="automationTitleTest" time="12.844" classname="testcases.TitleTest"/>
  <testcase name="automationlogoTest" time="14.586" classname="testcases.TitleTest"/>
</testsuite> <!-- testcases.TitleTest -->
