<?xml version="1.0" encoding="UTF-8"?>
<!-- Generated by org.testng.reporters.JUnitReportReporter -->
<testsuite skipped="0" hostname="User-Pc" name="testcases.TitleTest" tests="1" failures="0" timestamp="2019-09-02T18:56:20 BDT" time="64.397" errors="0">
  <testcase name="productpaymentTest" time="64.397" classname="testcases.TitleTest"/>
</testsuite> <!-- testcases.TitleTest -->
