<?xml version="1.0" encoding="UTF-8"?>
<!-- Generated by org.testng.reporters.JUnitReportReporter -->
<testsuite skipped="0" hostname="User-Pc" name="testcases.TitleTest" tests="1" failures="0" timestamp="2019-09-02T14:20:20 BDT" time="50.424" errors="0">
  <testcase name="productshippingTest" time="50.424" classname="testcases.TitleTest"/>
</testsuite> <!-- testcases.TitleTest -->
