<?xml version="1.0" encoding="UTF-8"?>
<!-- Generated by org.testng.reporters.JUnitReportReporter -->
<testsuite skipped="0" hostname="User-Pc" name="testcases.TitleTest" tests="1" failures="0" timestamp="2019-09-02T00:01:04 BDT" time="29.500" errors="0">
  <testcase name="addtocartTest" time="29.500" classname="testcases.TitleTest"/>
</testsuite> <!-- testcases.TitleTest -->
