<?xml version="1.0" encoding="UTF-8"?>
<!-- Generated by org.testng.reporters.JUnitReportReporter -->
<testsuite skipped="0" hostname="User-Pc" name="testcases.TitleTest" tests="9" failures="0" timestamp="2019-09-02T20:19:52 BDT" time="341.890" errors="0">
  <testcase name="automationTitleTest" time="21.419" classname="testcases.TitleTest"/>
  <testcase name="automationlogoTest" time="22.444" classname="testcases.TitleTest"/>
  <testcase name="signinTest" time="21.990" classname="testcases.TitleTest"/>
  <testcase name="addtocartTest" time="35.254" classname="testcases.TitleTest"/>
  <testcase name="removefromcartTest" time="38.980" classname="testcases.TitleTest"/>
  <testcase name="productdeliveryaddressTest" time="41.733" classname="testcases.TitleTest"/>
  <testcase name="productshippingTest" time="44.785" classname="testcases.TitleTest"/>
  <testcase name="productpaymentTest" time="54.426" classname="testcases.TitleTest"/>
  <testcase name="confirmmyorderTest" time="60.859" classname="testcases.TitleTest"/>
</testsuite> <!-- testcases.TitleTest -->
