<?xml version="1.0" encoding="UTF-8"?>
<!-- Generated by org.testng.reporters.JUnitReportReporter -->
<testsuite skipped="0" hostname="User-Pc" name="testcases.TitleTest" tests="1" failures="0" timestamp="2019-09-02T03:13:11 BDT" time="38.943" errors="0">
  <testcase name="productdeliveryaddressTest" time="38.943" classname="testcases.TitleTest"/>
</testsuite> <!-- testcases.TitleTest -->
