<?xml version="1.0" encoding="UTF-8"?>
<!-- Generated by org.testng.reporters.JUnitReportReporter -->
<testsuite skipped="0" hostname="User-Pc" name="testcases.TitleTest" tests="1" failures="0" timestamp="2019-09-02T02:24:44 BDT" time="37.103" errors="0">
  <testcase name="removefromcartTest" time="37.103" classname="testcases.TitleTest"/>
</testsuite> <!-- testcases.TitleTest -->
